<?xml version="1.0" encoding="UTF-8"?>
<!-- Generated by org.testng.reporters.JUnitReportReporter -->
<testsuite skipped="2" hostname="DESKTOP-FSDKP29" name="com.chat_test.LoginTest" tests="3" failures="0" timestamp="09 Jun 2022 13:57:14 GMT" time="5.558" errors="1">
  <testcase name="setup" time="5.558" classname="com.chat_test.LoginTest">
    <error type="org.openqa.selenium.SessionNotCreatedException" message="session not created: This version of ChromeDriver only supports Chrome version 102
Current browser version is 98.0.4758.102 with binary path C:\Program Files (x86)\Google\Chrome\Application\chrome.exe
Build info: version: &#039;3.141.59&#039;, revision: &#039;e82be7d358&#039;, time: &#039;2018-11-14T08:17:03&#039;
System info: host: &#039;DESKTOP-FSDKP29&#039;, ip: &#039;192.168.1.13&#039;, os.name: &#039;Windows 10&#039;, os.arch: &#039;amd64&#039;, os.version: &#039;10.0&#039;, java.version: &#039;1.8.0_144&#039;
Driver info: driver.version: ChromeDriver
remote stacktrace: Backtrace:
	Ordinal0 [0x0111D953+2414931]
	Ordinal0 [0x010AF5E1+1963489]
	Ordinal0 [0x00F9C6B8+837304]
	Ordinal0 [0x00FBCAE3+969443]
	Ordinal0 [0x00FB86FA+952058]
	Ordinal0 [0x00FB5FB1+942001]
	Ordinal0 [0x00FE9100+1151232]
	Ordinal0 [0x00FE8D5A+1150298]
	Ordinal0 [0x00FE42B6+1131190]
	Ordinal0 [0x00FBE860+976992]
	Ordinal0 [0x00FBF756+980822]
	GetHandleVerifier [0x0138CC62+2510274]
	GetHandleVerifier [0x0137F760+2455744]
	GetHandleVerifier [0x011AEABA+551962]
	GetHandleVerifier [0x011AD916+547446]
	Ordinal0 [0x010B5F3B+1990459]
	Ordinal0 [0x010BA898+2009240]
	Ordinal0 [0x010BA985+2009477]
	Ordinal0 [0x010C3AD1+2046673]
	BaseThreadInitThunk [0x75A6FA29+25]
	RtlGetAppContainerNamedObjectPath [0x777A7A7E+286]
	RtlGetAppContainerNamedObjectPath [0x777A7A4E+238]
">
      <![CDATA[org.openqa.selenium.SessionNotCreatedException: session not created: This version of ChromeDriver only supports Chrome version 102Current browser version is 98.0.4758.102 with binary path C:\Program Files (x86)\Google\Chrome\Application\chrome.exeBuild info: version: '3.141.59', revision: 'e82be7d358', time: '2018-11-14T08:17:03'System info: host: 'DESKTOP-FSDKP29', ip: '192.168.1.13', os.name: 'Windows 10', os.arch: 'amd64', os.version: '10.0', java.version: '1.8.0_144'Driver info: driver.version: ChromeDriverremote stacktrace: Backtrace:Ordinal0 [0x0111D953+2414931]Ordinal0 [0x010AF5E1+1963489]Ordinal0 [0x00F9C6B8+837304]Ordinal0 [0x00FBCAE3+969443]Ordinal0 [0x00FB86FA+952058]Ordinal0 [0x00FB5FB1+942001]Ordinal0 [0x00FE9100+1151232]Ordinal0 [0x00FE8D5A+1150298]Ordinal0 [0x00FE42B6+1131190]Ordinal0 [0x00FBE860+976992]Ordinal0 [0x00FBF756+980822]GetHandleVerifier [0x0138CC62+2510274]GetHandleVerifier [0x0137F760+2455744]GetHandleVerifier [0x011AEABA+551962]GetHandleVerifier [0x011AD916+547446]Ordinal0 [0x010B5F3B+1990459]Ordinal0 [0x010BA898+2009240]Ordinal0 [0x010BA985+2009477]Ordinal0 [0x010C3AD1+2046673]BaseThreadInitThunk [0x75A6FA29+25]RtlGetAppContainerNamedObjectPath [0x777A7A7E+286]RtlGetAppContainerNamedObjectPath [0x777A7A4E+238]at sun.reflect.NativeConstructorAccessorImpl.newInstance0(Native Method)at sun.reflect.NativeConstructorAccessorImpl.newInstance(NativeConstructorAccessorImpl.java:62)at sun.reflect.DelegatingConstructorAccessorImpl.newInstance(DelegatingConstructorAccessorImpl.java:45)at java.lang.reflect.Constructor.newInstance(Constructor.java:423)at org.openqa.selenium.remote.W3CHandshakeResponse.lambda$errorHandler$0(W3CHandshakeResponse.java:62)at org.openqa.selenium.remote.HandshakeResponse.lambda$getResponseFunction$0(HandshakeResponse.java:30)at org.openqa.selenium.remote.ProtocolHandshake.lambda$createSession$0(ProtocolHandshake.java:126)at java.util.stream.ReferencePipeline$3$1.accept(ReferencePipeline.java:193)at java.util.Spliterators$ArraySpliterator.tryAdvance(Spliterators.java:958)at java.util.stream.ReferencePipeline.forEachWithCancel(ReferencePipeline.java:126)at java.util.stream.AbstractPipeline.copyIntoWithCancel(AbstractPipeline.java:498)at java.util.stream.AbstractPipeline.copyInto(AbstractPipeline.java:485)at java.util.stream.AbstractPipeline.wrapAndCopyInto(AbstractPipeline.java:471)at java.util.stream.FindOps$FindOp.evaluateSequential(FindOps.java:152)at java.util.stream.AbstractPipeline.evaluate(AbstractPipeline.java:234)at java.util.stream.ReferencePipeline.findFirst(ReferencePipeline.java:464)at org.openqa.selenium.remote.ProtocolHandshake.createSession(ProtocolHandshake.java:128)at org.openqa.selenium.remote.ProtocolHandshake.createSession(ProtocolHandshake.java:74)at org.openqa.selenium.remote.HttpCommandExecutor.execute(HttpCommandExecutor.java:136)at org.openqa.selenium.remote.service.DriverCommandExecutor.execute(DriverCommandExecutor.java:83)at org.openqa.selenium.remote.RemoteWebDriver.execute(RemoteWebDriver.java:552)at org.openqa.selenium.remote.RemoteWebDriver.startSession(RemoteWebDriver.java:213)at org.openqa.selenium.remote.RemoteWebDriver.<init>(RemoteWebDriver.java:131)at org.openqa.selenium.chrome.ChromeDriver.<init>(ChromeDriver.java:181)at org.openqa.selenium.chrome.ChromeDriver.<init>(ChromeDriver.java:168)at org.openqa.selenium.chrome.ChromeDriver.<init>(ChromeDriver.java:123)at com.chat_test.LoginTest.setup(LoginTest.java:25)at sun.reflect.NativeMethodAccessorImpl.invoke0(Native Method)at sun.reflect.NativeMethodAccessorImpl.invoke(NativeMethodAccessorImpl.java:62)at sun.reflect.DelegatingMethodAccessorImpl.invoke(DelegatingMethodAccessorImpl.java:43)at java.lang.reflect.Method.invoke(Method.java:498)at org.testng.internal.MethodInvocationHelper.invokeMethod(MethodInvocationHelper.java:124)at org.testng.internal.MethodInvocationHelper.invokeMethodConsideringTimeout(MethodInvocationHelper.java:59)at org.testng.internal.Invoker.invokeConfigurationMethod(Invoker.java:451)at org.testng.internal.Invoker.invokeConfigurations(Invoker.java:222)at org.testng.internal.Invoker.invokeConfigurations(Invoker.java:142)at org.testng.SuiteRunner.privateRun(SuiteRunner.java:401)at org.testng.SuiteRunner.run(SuiteRunner.java:364)at org.testng.SuiteRunnerWorker.runSuite(SuiteRunnerWorker.java:52)at org.testng.SuiteRunnerWorker.run(SuiteRunnerWorker.java:84)at org.testng.TestNG.runSuitesSequentially(TestNG.java:1187)at org.testng.TestNG.runSuitesLocally(TestNG.java:1116)at org.testng.TestNG.runSuites(TestNG.java:1028)at org.testng.TestNG.run(TestNG.java:996)at org.testng.remote.AbstractRemoteTestNG.run(AbstractRemoteTestNG.java:114)at org.testng.remote.RemoteTestNG.initAndRun(RemoteTestNG.java:251)at org.testng.remote.RemoteTestNG.main(RemoteTestNG.java:77)]]>
    </error>
  </testcase> <!-- setup -->
  <testcase name="verifyAgentLogout" time="0.000" classname="com.chat_test.LoginTest">
    <skipped/>
  </testcase> <!-- verifyAgentLogout -->
  <testcase name="verifyAgentLogin" time="0.000" classname="com.chat_test.LoginTest">
    <skipped/>
  </testcase> <!-- verifyAgentLogin -->
</testsuite> <!-- com.chat_test.LoginTest -->
